app/build/intermediates/manifest_merge_blame_file/release/manifest-merger-blame-release-report.txt
1<?xml version="1.0" encoding="utf-8"?>
2<manifest xmlns:android="http://schemas.android.com/apk/res/android"
3    package="com.ata.appbundle"
4    android:versionCode="1"
5    android:versionName="1.0" >
6
7    <uses-sdk
8        android:minSdkVersion="15"
8-->src\main\AndroidManifest.xml
9        android:targetSdkVersion="29" />
9-->src\main\AndroidManifest.xml
10
11    <uses-permission android:name="android.permission.INTERNET" />
11-->src\main\AndroidManifest.xml:5:5-67
11-->src\main\AndroidManifest.xml:5:22-64
12
13    <application
13-->src\main\AndroidManifest.xml:7:5-26:19
14        android:name="com.ata.appbundle.MyApplication"
14-->src\main\AndroidManifest.xml:8:9-38
15        android:allowBackup="true"
15-->src\main\AndroidManifest.xml:9:9-35
16        android:appComponentFactory="androidx.core.app.CoreComponentFactory"
16-->[androidx.core:core:1.3.2] AndroidManifest.xml:24:18-86
17        android:icon="@mipmap/ic_launcher"
17-->src\main\AndroidManifest.xml:10:9-43
18        android:label="@string/app_name"
18-->src\main\AndroidManifest.xml:11:9-41
19        android:roundIcon="@mipmap/logo"
19-->src\main\AndroidManifest.xml:12:9-41
20        android:supportsRtl="true"
20-->src\main\AndroidManifest.xml:13:9-35
21        android:theme="@style/CustomActionBarTheme" >
21-->src\main\AndroidManifest.xml:14:9-52
22        <activity android:name="com.ata.appbundle.view.DetailActivity" />
22-->src\main\AndroidManifest.xml:15:9-57
22-->src\main\AndroidManifest.xml:15:19-54
23        <activity android:name="com.ata.appbundle.view.FilmActivity" />
23-->src\main\AndroidManifest.xml:16:9-55
23-->src\main\AndroidManifest.xml:16:19-52
24        <activity
24-->src\main\AndroidManifest.xml:17:9-25:20
25            android:name="com.ata.appbundle.view.MainActivity"
25-->src\main\AndroidManifest.xml:18:13-46
26            android:theme="@style/Theme.AppCompat.Light.NoActionBar" >
26-->src\main\AndroidManifest.xml:19:13-69
27            <intent-filter>
27-->src\main\AndroidManifest.xml:20:13-24:29
28                <action android:name="android.intent.action.MAIN" />
28-->src\main\AndroidManifest.xml:21:17-69
28-->src\main\AndroidManifest.xml:21:25-66
29
30                <category android:name="android.intent.category.LAUNCHER" />
30-->src\main\AndroidManifest.xml:23:17-77
30-->src\main\AndroidManifest.xml:23:27-74
31            </intent-filter>
32        </activity>
33
34        <service
34-->[androidx.room:room-runtime:2.2.5] AndroidManifest.xml:25:9-28:40
35            android:name="androidx.room.MultiInstanceInvalidationService"
35-->[androidx.room:room-runtime:2.2.5] AndroidManifest.xml:26:13-74
36            android:directBootAware="true"
36-->[androidx.room:room-runtime:2.2.5] AndroidManifest.xml:27:13-43
37            android:exported="false" />
37-->[androidx.room:room-runtime:2.2.5] AndroidManifest.xml:28:13-37
38
39        <provider
39-->[androidx.lifecycle:lifecycle-process:2.0.0] AndroidManifest.xml:23:9-27:43
40            android:name="androidx.lifecycle.ProcessLifecycleOwnerInitializer"
40-->[androidx.lifecycle:lifecycle-process:2.0.0] AndroidManifest.xml:24:13-79
41            android:authorities="com.ata.appbundle.lifecycle-process"
41-->[androidx.lifecycle:lifecycle-process:2.0.0] AndroidManifest.xml:25:13-69
42            android:exported="false"
42-->[androidx.lifecycle:lifecycle-process:2.0.0] AndroidManifest.xml:26:13-37
43            android:multiprocess="true" />
43-->[androidx.lifecycle:lifecycle-process:2.0.0] AndroidManifest.xml:27:13-40
44
45        <activity android:name="com.ata.appbundle.favourites.FavouriteActivity" >
45-->[:favourites] AndroidManifest.xml:22:9-34:20
45-->[:favourites] AndroidManifest.xml:23:13-74
46            <intent-filter>
46-->[:favourites] AndroidManifest.xml:25:13-33:29
47                <action android:name="android.intent.action.VIEW" />
47-->[:favourites] AndroidManifest.xml:26:17-69
47-->[:favourites] AndroidManifest.xml:26:25-66
48
49                <category android:name="android.intent.category.DEFAULT" />
49-->[:favourites] AndroidManifest.xml:28:17-76
49-->[:favourites] AndroidManifest.xml:28:27-73
50
51                <data
51-->[:favourites] AndroidManifest.xml:30:17-32:50
52                    android:host="favourites"
52-->[:favourites] AndroidManifest.xml:31:21-46
53                    android:scheme="appbundle" />
53-->[:favourites] AndroidManifest.xml:32:21-47
54            </intent-filter>
55        </activity>
56    </application>
57
58</manifest>